<?xml version="1.0" encoding="UTF-8"?>
<testng-results skipped="0" failed="0" ignored="0" total="4" passed="4">
  <reporter-output>
  </reporter-output>
  <suite name="Suite" duration-ms="76" started-at="2020-04-05T03:02:29 IST" finished-at="2020-04-05T03:02:30 IST">
    <groups>
    </groups>
    <test name="Test" duration-ms="76" started-at="2020-04-05T03:02:29 IST" finished-at="2020-04-05T03:02:30 IST">
      <class name="qaclickacademy.RESTAPITest">
        <test-method status="PASS" signature="deletetwitter()[pri:0, instance:qaclickacademy.RESTAPITest@6fc6f14e]" name="deletetwitter" duration-ms="1" started-at="2020-04-05T03:02:30 IST" finished-at="2020-04-05T03:02:30 IST">
          <reporter-output>
          </reporter-output>
        </test-method> <!-- deletetwitter -->
        <test-method status="PASS" signature="postJira()[pri:0, instance:qaclickacademy.RESTAPITest@6fc6f14e]" name="postJira" duration-ms="0" started-at="2020-04-05T03:02:30 IST" finished-at="2020-04-05T03:02:30 IST">
          <reporter-output>
          </reporter-output>
        </test-method> <!-- postJira -->
      </class> <!-- qaclickacademy.RESTAPITest -->
      <class name="qaclickacademy.SeleniumTest">
        <test-method status="PASS" signature="BrowserAutomation()[pri:0, instance:qaclickacademy.SeleniumTest@20398b7c]" name="BrowserAutomation" duration-ms="13" started-at="2020-04-05T03:02:30 IST" finished-at="2020-04-05T03:02:30 IST">
          <reporter-output>
          </reporter-output>
        </test-method> <!-- BrowserAutomation -->
        <test-method status="PASS" signature="elementsUI()[pri:0, instance:qaclickacademy.SeleniumTest@20398b7c]" name="elementsUI" duration-ms="1" started-at="2020-04-05T03:02:30 IST" finished-at="2020-04-05T03:02:30 IST">
          <reporter-output>
          </reporter-output>
        </test-method> <!-- elementsUI -->
      </class> <!-- qaclickacademy.SeleniumTest -->
    </test> <!-- Test -->
  </suite> <!-- Suite -->
</testng-results>
